  [1m[35m (1.8ms)[0m  [1m[34mSELECT sqlite_version(*)[0m
  [1m[35m (8.9ms)[0m  [1m[35mCREATE TABLE "schema_migrations" ("version" varchar NOT NULL PRIMARY KEY)[0m
  [1m[35m (6.7ms)[0m  [1m[35mCREATE TABLE "ar_internal_metadata" ("key" varchar NOT NULL PRIMARY KEY, "value" varchar, "created_at" datetime(6) NOT NULL, "updated_at" datetime(6) NOT NULL)[0m
  [1m[35m (0.1ms)[0m  [1m[34mSELECT "schema_migrations"."version" FROM "schema_migrations" ORDER BY "schema_migrations"."version" ASC[0m
Migrating to CreatePosts (20200908010326)
  [1m[36mTRANSACTION (0.1ms)[0m  [1m[36mbegin transaction[0m
  [1m[35m (2.5ms)[0m  [1m[35mCREATE TABLE "posts" ("id" integer PRIMARY KEY AUTOINCREMENT NOT NULL, "title" varchar, "body" text, "author" varchar, "created_at" datetime NOT NULL, "updated_at" datetime NOT NULL)[0m
  [1m[36mActiveRecord::SchemaMigration Create (2.2ms)[0m  [1m[32mINSERT INTO "schema_migrations" ("version") VALUES (?)[0m  [["version", "20200908010326"]]
  [1m[36mTRANSACTION (9.0ms)[0m  [1m[36mcommit transaction[0m
  [1m[36mActiveRecord::InternalMetadata Load (0.2ms)[0m  [1m[34mSELECT "ar_internal_metadata".* FROM "ar_internal_metadata" WHERE "ar_internal_metadata"."key" = ? LIMIT ?[0m  [["key", "environment"], ["LIMIT", 1]]
  [1m[36mTRANSACTION (0.1ms)[0m  [1m[36mbegin transaction[0m
  [1m[36mActiveRecord::InternalMetadata Create (2.4ms)[0m  [1m[32mINSERT INTO "ar_internal_metadata" ("key", "value", "created_at", "updated_at") VALUES (?, ?, ?, ?)[0m  [["key", "environment"], ["value", "development"], ["created_at", "2022-08-16 02:01:06.909978"], ["updated_at", "2022-08-16 02:01:06.909978"]]
  [1m[36mTRANSACTION (5.0ms)[0m  [1m[36mcommit transaction[0m
  [1m[35m (0.1ms)[0m  [1m[34mSELECT sqlite_version(*)[0m
  [1m[35m (0.1ms)[0m  [1m[34mSELECT "schema_migrations"."version" FROM "schema_migrations" ORDER BY "schema_migrations"."version" ASC[0m
Started GET "/posts" for 220.144.224.0 at 2022-08-16 02:07:06 +0000
Cannot render console from 220.144.224.0! Allowed networks: 127.0.0.0/127.255.255.255, ::1
  [1m[35m (0.5ms)[0m  [1m[34mSELECT sqlite_version(*)[0m
  [1m[35m (0.1ms)[0m  [1m[34mSELECT "schema_migrations"."version" FROM "schema_migrations" ORDER BY "schema_migrations"."version" ASC[0m
Processing by PostsController#index as HTML
  Rendering layout layouts/application.html.erb
  Rendering posts/index.html.erb within layouts/application
  [1m[36mPost Load (0.2ms)[0m  [1m[34mSELECT "posts".* FROM "posts"[0m
  ↳ app/views/posts/index.html.erb:16
  Rendered posts/index.html.erb within layouts/application (Duration: 5.5ms | Allocations: 1740)
[Webpacker] Compiling...
[Webpacker] Compiled all packs in /home/ec2-user/environment/bootstrap_template-main/public/packs
[Webpacker] warning ../../package.json: No license field
Browserslist: caniuse-lite is outdated. Please run:
  npx browserslist@latest --update-db
  Why you should do it regularly: https://github.com/browserslist/browserslist#browsers-data-updating
DEPRECATION WARNING: Using / for division outside of calc() is deprecated and will be removed in Dart Sass 2.0.0.

Recommendation: math.div($spacer, 2) or calc($spacer / 2)

More info and automated migrator: https://sass-lang.com/d/slash-div

    ╷
302 │ $headings-margin-bottom:      $spacer / 2 !default;
    │                               ^^^^^^^^^^^
    ╵
    node_modules/bootstrap/scss/_variables.scss 302:31  @import
    node_modules/bootstrap/scss/bootstrap.scss 9:9      @import
    app/javascript/stylesheets/application.scss 1:9     root stylesheet

DEPRECATION WARNING: Using / for division outside of calc() is deprecated and will be removed in Dart Sass 2.0.0.

Recommendation: math.div($input-padding-y, 2) or calc($input-padding-y / 2)

More info and automated migrator: https://sass-lang.com/d/slash-div

    ╷
498 │ $input-height-inner-quarter:            add($input-line-height * .25em, $input-padding-y / 2) !default;
    │                                                                         ^^^^^^^^^^^^^^^^^^^^
    ╵
    node_modules/bootstrap/scss/_variables.scss 498:73  @import
    node_modules/bootstrap/scss/bootstrap.scss 9:9      @import
    app/javascript/stylesheets/application.scss 1:9     root stylesheet

DEPRECATION WARNING: Using / for division outside of calc() is deprecated and will be removed in Dart Sass 2.0.0.

Recommendation: math.div($custom-control-indicator-size, 2) or calc($custom-control-indicator-size / 2)

More info and automated migrator: https://sass-lang.com/d/slash-div

    ╷
568 │ $custom-switch-indicator-border-radius:         $custom-control-indicator-size / 2 !default;
    │                                                 ^^^^^^^^^^^^^^^^^^^^^^^^^^^^^^^^^^
    ╵
    node_modules/bootstrap/scss/_variables.scss 568:49  @import
    node_modules/bootstrap/scss/bootstrap.scss 9:9      @import
    app/javascript/stylesheets/application.scss 1:9     root stylesheet

DEPRECATION WARNING: Using / for division outside of calc() is deprecated and will be removed in Dart Sass 2.0.0.

Recommendation: math.div($spacer, 2) or calc($spacer / 2)

More info and automated migrator: https://sass-lang.com/d/slash-div

    ╷
713 │ $nav-divider-margin-y:              $spacer / 2 !default;
    │                                     ^^^^^^^^^^^
    ╵
    node_modules/bootstrap/scss/_variables.scss 713:37  @import
    node_modules/bootstrap/scss/bootstrap.scss 9:9      @import
    app/javascript/stylesheets/application.scss 1:9     root stylesheet

DEPRECATION WARNING: Using / for division outside of calc() is deprecated and will be removed in Dart Sass 2.0.0.

Recommendation: math.div($spacer, 2) or calc($spacer / 2)

More info and automated migrator: https://sass-lang.com/d/slash-div

    ╷
718 │ $navbar-padding-y:                  $spacer / 2 !default;
    │                                     ^^^^^^^^^^^
    ╵
    node_modules/bootstrap/scss/_variables.scss 718:37  @import
    node_modules/bootstrap/scss/bootstrap.scss 9:9      @import
    app/javascript/stylesheets/application.scss 1:9     root stylesheet

WARNING: 63 repetitive deprecation warnings omitted.


[Webpacker] Hash: d660b04e6365d41c6e69
Version: webpack 4.46.0
Time: 13105ms
Built at: 08/16/2022 2:07:22 AM
                                     Asset       Size       Chunks                         Chunk Names
    js/application-d714653c382f9c2323db.js   1.32 MiB  application  [emitted] [immutable]  application
js/application-d714653c382f9c2323db.js.map   1.45 MiB  application  [emitted] [dev]        application
                             manifest.json  364 bytes               [emitted]              
Entrypoint application = js/application-d714653c382f9c2323db.js js/application-d714653c382f9c2323db.js.map
[./app/javascript/channels sync recursive _channel\.js$] ./app/javascript/channels sync _channel\.js$ 160 bytes {application} [built]
[./app/javascript/channels/index.js] 211 bytes {application} [built]
[./app/javascript/packs/application.js] 586 bytes {application} [built]
[./app/javascript/stylesheets/application.scss] 664 bytes {application} [built]
[./node_modules/css-loader/dist/cjs.js?!./node_modules/postcss-loader/src/index.js?!./node_modules/sass-loader/dist/cjs.js?!./app/javascript/stylesheets/application.scss] ./node_modules/css-loader/dist/cjs.js??ref--6-1!./node_modules/postcss-loader/src??ref--6-2!./node_modules/sass-loader/dist/cjs.js??ref--6-3!./app/javascript/stylesheets/application.scss 672 KiB {application} [built]
[./node_modules/webpack/buildin/global.js] (webpack)/buildin/global.js 905 bytes {application} [built]
[./node_modules/webpack/buildin/module.js] (webpack)/buildin/module.js 552 bytes {application} [built]
    + 8 hidden modules

  Rendered layout layouts/application.html.erb (Duration: 15637.7ms | Allocations: 4742)
Completed 200 OK in 15661ms (Views: 15644.3ms | ActiveRecord: 0.2ms | Allocations: 9458)


Started GET "/posts" for 220.144.224.0 at 2022-08-16 02:20:32 +0000
Cannot render console from 220.144.224.0! Allowed networks: 127.0.0.0/127.255.255.255, ::1
Processing by PostsController#index as HTML
  Rendering layout layouts/application.html.erb
  Rendering posts/index.html.erb within layouts/application
  [1m[35m (0.1ms)[0m  [1m[34mSELECT sqlite_version(*)[0m
  ↳ app/views/posts/index.html.erb:16
  [1m[36mPost Load (0.6ms)[0m  [1m[34mSELECT "posts".* FROM "posts"[0m
  ↳ app/views/posts/index.html.erb:16
  Rendered posts/index.html.erb within layouts/application (Duration: 11.6ms | Allocations: 1683)
[Webpacker] Everything's up-to-date. Nothing to do
  Rendered layout layouts/application.html.erb (Duration: 22.5ms | Allocations: 3425)
Completed 200 OK in 25ms (Views: 24.0ms | ActiveRecord: 3.8ms | Allocations: 3969)


Started GET "/posts" for 220.144.224.0 at 2022-08-16 02:21:06 +0000
Cannot render console from 220.144.224.0! Allowed networks: 127.0.0.0/127.255.255.255, ::1
  [1m[35m (0.9ms)[0m  [1m[34mSELECT sqlite_version(*)[0m
  [1m[35m (0.1ms)[0m  [1m[34mSELECT "schema_migrations"."version" FROM "schema_migrations" ORDER BY "schema_migrations"."version" ASC[0m
Processing by PostsController#index as HTML
  Rendering layout layouts/application.html.erb
  Rendering posts/index.html.erb within layouts/application
  [1m[36mPost Load (0.2ms)[0m  [1m[34mSELECT "posts".* FROM "posts"[0m
  ↳ app/views/posts/index.html.erb:16
  Rendered posts/index.html.erb within layouts/application (Duration: 4.7ms | Allocations: 1631)
[Webpacker] Everything's up-to-date. Nothing to do
  Rendered layout layouts/application.html.erb (Duration: 10.0ms | Allocations: 3832)
Completed 200 OK in 41ms (Views: 28.7ms | ActiveRecord: 0.2ms | Allocations: 7574)


Started GET "/posts" for 220.144.224.0 at 2022-08-16 02:23:05 +0000
Cannot render console from 220.144.224.0! Allowed networks: 127.0.0.0/127.255.255.255, ::1
Processing by PostsController#index as HTML
  Rendering layout layouts/application.html.erb
  Rendering posts/index.html.erb within layouts/application
  [1m[36mPost Load (0.1ms)[0m  [1m[34mSELECT "posts".* FROM "posts"[0m
  ↳ app/views/posts/index.html.erb:16
  Rendered posts/index.html.erb within layouts/application (Duration: 2.6ms | Allocations: 879)
[Webpacker] Everything's up-to-date. Nothing to do
  Rendered layout layouts/application.html.erb (Duration: 6.8ms | Allocations: 2621)
Completed 200 OK in 9ms (Views: 7.8ms | ActiveRecord: 0.1ms | Allocations: 3140)


Started GET "/posts" for 220.144.224.0 at 2022-08-16 02:23:10 +0000
Cannot render console from 220.144.224.0! Allowed networks: 127.0.0.0/127.255.255.255, ::1
Processing by PostsController#index as HTML
  Rendering layout layouts/application.html.erb
  Rendering posts/index.html.erb within layouts/application
  [1m[36mPost Load (0.1ms)[0m  [1m[34mSELECT "posts".* FROM "posts"[0m
  ↳ app/views/posts/index.html.erb:16
  Rendered posts/index.html.erb within layouts/application (Duration: 2.5ms | Allocations: 751)
[Webpacker] Everything's up-to-date. Nothing to do
  Rendered layout layouts/application.html.erb (Duration: 6.6ms | Allocations: 2446)
Completed 200 OK in 8ms (Views: 7.5ms | ActiveRecord: 0.1ms | Allocations: 2839)


Started GET "/posts" for 220.144.224.0 at 2022-08-16 02:23:24 +0000
Cannot render console from 220.144.224.0! Allowed networks: 127.0.0.0/127.255.255.255, ::1
Processing by PostsController#index as HTML
  Rendering layout layouts/application.html.erb
  Rendering posts/index.html.erb within layouts/application
  [1m[36mPost Load (0.1ms)[0m  [1m[34mSELECT "posts".* FROM "posts"[0m
  ↳ app/views/posts/index.html.erb:16
  Rendered posts/index.html.erb within layouts/application (Duration: 2.6ms | Allocations: 758)
[Webpacker] Everything's up-to-date. Nothing to do
  Rendered layout layouts/application.html.erb (Duration: 6.8ms | Allocations: 2454)
Completed 200 OK in 8ms (Views: 7.8ms | ActiveRecord: 0.1ms | Allocations: 2859)


Started GET "/posts" for 220.144.224.0 at 2022-08-16 02:25:55 +0000
Cannot render console from 220.144.224.0! Allowed networks: 127.0.0.0/127.255.255.255, ::1
  [1m[35m (0.5ms)[0m  [1m[34mSELECT sqlite_version(*)[0m
  [1m[35m (0.1ms)[0m  [1m[34mSELECT "schema_migrations"."version" FROM "schema_migrations" ORDER BY "schema_migrations"."version" ASC[0m
Processing by PostsController#index as HTML
  Rendering layout layouts/application.html.erb
  Rendering posts/index.html.erb within layouts/application
  [1m[36mPost Load (0.2ms)[0m  [1m[34mSELECT "posts".* FROM "posts"[0m
  ↳ app/views/posts/index.html.erb:16
  Rendered posts/index.html.erb within layouts/application (Duration: 3.7ms | Allocations: 1631)
[Webpacker] Everything's up-to-date. Nothing to do
  Rendered layout layouts/application.html.erb (Duration: 8.4ms | Allocations: 3831)
Completed 200 OK in 34ms (Views: 24.9ms | ActiveRecord: 0.2ms | Allocations: 7571)


Started GET "/posts" for 220.144.224.0 at 2022-08-16 02:42:14 +0000
Cannot render console from 220.144.224.0! Allowed networks: 127.0.0.0/127.255.255.255, ::1
  [1m[35m (0.5ms)[0m  [1m[34mSELECT sqlite_version(*)[0m
  [1m[35m (0.1ms)[0m  [1m[34mSELECT "schema_migrations"."version" FROM "schema_migrations" ORDER BY "schema_migrations"."version" ASC[0m
Processing by PostsController#index as HTML
  Rendering layout layouts/application.html.erb
  Rendering posts/index.html.erb within layouts/application
  [1m[36mPost Load (0.2ms)[0m  [1m[34mSELECT "posts".* FROM "posts"[0m
  ↳ app/views/posts/index.html.erb:22
  Rendered posts/index.html.erb within layouts/application (Duration: 3.8ms | Allocations: 1651)
[Webpacker] Everything's up-to-date. Nothing to do
  Rendered layout layouts/application.html.erb (Duration: 10.1ms | Allocations: 3851)
Completed 200 OK in 36ms (Views: 27.3ms | ActiveRecord: 0.2ms | Allocations: 7591)


Started GET "/posts" for 220.144.224.0 at 2022-08-16 02:45:10 +0000
Cannot render console from 220.144.224.0! Allowed networks: 127.0.0.0/127.255.255.255, ::1
  [1m[35m (0.5ms)[0m  [1m[34mSELECT sqlite_version(*)[0m
  [1m[35m (0.2ms)[0m  [1m[34mSELECT "schema_migrations"."version" FROM "schema_migrations" ORDER BY "schema_migrations"."version" ASC[0m
Processing by PostsController#index as HTML
  Rendering layout layouts/application.html.erb
  Rendering posts/index.html.erb within layouts/application
  [1m[36mPost Load (0.2ms)[0m  [1m[34mSELECT "posts".* FROM "posts"[0m
  ↳ app/views/posts/index.html.erb:22
  Rendered posts/index.html.erb within layouts/application (Duration: 4.2ms | Allocations: 1666)
[Webpacker] Everything's up-to-date. Nothing to do
  Rendered layout layouts/application.html.erb (Duration: 9.2ms | Allocations: 3866)
Completed 200 OK in 37ms (Views: 27.5ms | ActiveRecord: 0.2ms | Allocations: 7606)


